2026-02-23 21:00:04,391 - __main__ - INFO - Loading digit_recognizer_v12_100cls_RGB model from: C:\Users\nl\Dropbox\home_automation\esphome_ai_component\components\data_collector\data_extractor\models\digit_recognizer_v12_100cls_RGB.tflite
2026-02-23 21:00:04,405 - __main__ - INFO - Quantization detected:
2026-02-23 21:00:04,405 - __main__ - INFO -   Input type: uint8
2026-02-23 21:00:04,406 - __main__ - INFO -   Input scale: 0.003921568859368563, zero_point: 0
2026-02-23 21:00:04,406 - __main__ - INFO -   Output scale: 0.00390625, zero_point: 0
2026-02-23 21:00:04,406 - __main__ - INFO -   Actual scheme: Standard quantization
2026-02-23 21:00:04,407 - __main__ - INFO -   Output quantization - scale: 0.00390625, zero_point: 0
2026-02-23 21:00:04,408 - __main__ - INFO - Model actual input: 20x32, channels: 3
2026-02-23 21:00:04,408 - __main__ - ERROR - Error loading regions: malformed node or string on line 1: <ast.Attribute object at 0x000001E00A2D08D0>
Traceback (most recent call last):
  File "C:\Users\nl\Dropbox\home_automation\esphome_ai_component\components\data_collector\data_extractor\3_correct_errors.py", line 476, in load_regions
    regions = ast.literal_eval(regions_str)
              ^^^^^^^^^^^^^^^^^^^^^^^^^^^^^
  File "C:\Users\nl\AppData\Local\Programs\Python\Python312\Lib\ast.py", line 112, in literal_eval
    return _convert(node_or_string)
           ^^^^^^^^^^^^^^^^^^^^^^^^
  File "C:\Users\nl\AppData\Local\Programs\Python\Python312\Lib\ast.py", line 111, in _convert
    return _convert_signed_num(node)
           ^^^^^^^^^^^^^^^^^^^^^^^^^
  File "C:\Users\nl\AppData\Local\Programs\Python\Python312\Lib\ast.py", line 85, in _convert_signed_num
    return _convert_num(node)
           ^^^^^^^^^^^^^^^^^^
  File "C:\Users\nl\AppData\Local\Programs\Python\Python312\Lib\ast.py", line 76, in _convert_num
    _raise_malformed_node(node)
  File "C:\Users\nl\AppData\Local\Programs\Python\Python312\Lib\ast.py", line 73, in _raise_malformed_node
    raise ValueError(msg + f': {node!r}')
ValueError: malformed node or string on line 1: <ast.Attribute object at 0x000001E00A2D08D0>
2026-02-23 21:00:04,419 - __main__ - INFO - No valid regions found in regions.json, will process entire images as single regions
2026-02-23 21:00:04,419 - __main__ - INFO - Processing folder: extracted
2026-02-23 21:00:04,420 - __main__ - INFO - Starting batch processing of 67 images...
2026-02-23 21:00:04,420 - __main__ - INFO - Loaded image: extracted\coldwater\0_0.496_1771866207_47m.jpg, shape: (111, 53, 3), channels: 3
2026-02-23 21:00:04,423 - __main__ - INFO - Prediction mismatch (orig: 0.0, new: 8.0), copied to training: training\coldwater\8.0_0.965_0_0.496_1771866207_47m_err_corr.jpg
2026-02-23 21:00:04,424 - __main__ - INFO - SUCCESS: 0_0.496_1771866207_47m.jpg -> 8.0
2026-02-23 21:00:04,424 - __main__ - INFO - Loaded image: extracted\coldwater\0_0.496_1771866207_woj.jpg, shape: (111, 53, 3), channels: 3
2026-02-23 21:00:04,426 - __main__ - INFO - Prediction mismatch (orig: 0.0, new: 8.0), copied to training: training\coldwater\8.0_0.965_0_0.496_1771866207_woj_err_corr.jpg
2026-02-23 21:00:04,426 - __main__ - INFO - SUCCESS: 0_0.496_1771866207_woj.jpg -> 8.0
2026-02-23 21:00:04,427 - __main__ - INFO - Loaded image: extracted\coldwater\0_0.586_1771866026_fs8.jpg, shape: (111, 53, 3), channels: 3
2026-02-23 21:00:04,429 - __main__ - INFO - Prediction mismatch (orig: 0.0, new: 8.0), copied to training: training\coldwater\8.0_0.988_0_0.586_1771866026_fs8_err_corr.jpg
2026-02-23 21:00:04,429 - __main__ - INFO - SUCCESS: 0_0.586_1771866026_fs8.jpg -> 8.0
2026-02-23 21:00:04,429 - __main__ - INFO - Loaded image: extracted\coldwater\0_0.586_1771866026_g37.jpg, shape: (111, 53, 3), channels: 3
2026-02-23 21:00:04,431 - __main__ - INFO - Prediction mismatch (orig: 0.0, new: 8.0), copied to training: training\coldwater\8.0_0.988_0_0.586_1771866026_g37_err_corr.jpg
2026-02-23 21:00:04,431 - __main__ - INFO - SUCCESS: 0_0.586_1771866026_g37.jpg -> 8.0
2026-02-23 21:00:04,431 - __main__ - INFO - Loaded image: extracted\coldwater\0_0.672_1771866507_lcq.jpg, shape: (111, 53, 3), channels: 3
2026-02-23 21:00:04,433 - __main__ - INFO - Prediction mismatch (orig: 0.0, new: 8.0), copied to training: training\coldwater\8.0_0.996_0_0.672_1771866507_lcq_err_corr.jpg
2026-02-23 21:00:04,433 - __main__ - INFO - SUCCESS: 0_0.672_1771866507_lcq.jpg -> 8.0
2026-02-23 21:00:04,434 - __main__ - INFO - Loaded image: extracted\coldwater\0_0.672_1771866507_xnw.jpg, shape: (111, 53, 3), channels: 3
2026-02-23 21:00:04,435 - __main__ - INFO - Prediction mismatch (orig: 0.0, new: 8.0), copied to training: training\coldwater\8.0_0.996_0_0.672_1771866507_xnw_err_corr.jpg
2026-02-23 21:00:04,435 - __main__ - INFO - SUCCESS: 0_0.672_1771866507_xnw.jpg -> 8.0
2026-02-23 21:00:04,436 - __main__ - INFO - Loaded image: extracted\coldwater\0_0.746_1771865966_5ed.jpg, shape: (111, 53, 3), channels: 3
2026-02-23 21:00:04,438 - __main__ - INFO - Prediction mismatch (orig: 0.0, new: 8.0), copied to training: training\coldwater\8.0_0.992_0_0.746_1771865966_5ed_err_corr.jpg
2026-02-23 21:00:04,438 - __main__ - INFO - SUCCESS: 0_0.746_1771865966_5ed.jpg -> 8.0
2026-02-23 21:00:04,439 - __main__ - INFO - Loaded image: extracted\coldwater\0_0.746_1771865966_szt.jpg, shape: (111, 53, 3), channels: 3
2026-02-23 21:00:04,441 - __main__ - INFO - Prediction mismatch (orig: 0.0, new: 8.0), copied to training: training\coldwater\8.0_0.992_0_0.746_1771865966_szt_err_corr.jpg
2026-02-23 21:00:04,441 - __main__ - INFO - SUCCESS: 0_0.746_1771865966_szt.jpg -> 8.0
2026-02-23 21:00:04,441 - __main__ - INFO - Loaded image: extracted\coldwater\0_0.898_1771866086_mj0.jpg, shape: (111, 53, 3), channels: 3
2026-02-23 21:00:04,443 - __main__ - INFO - Prediction mismatch (orig: 0.0, new: 8.0), copied to training: training\coldwater\8.0_0.934_0_0.898_1771866086_mj0_err_corr.jpg
2026-02-23 21:00:04,443 - __main__ - INFO - SUCCESS: 0_0.898_1771866086_mj0.jpg -> 8.0
2026-02-23 21:00:04,444 - __main__ - INFO - Loaded image: extracted\coldwater\0_0.898_1771866086_yq9.jpg, shape: (111, 53, 3), channels: 3
2026-02-23 21:00:04,445 - __main__ - INFO - Prediction mismatch (orig: 0.0, new: 8.0), copied to training: training\coldwater\8.0_0.934_0_0.898_1771866086_yq9_err_corr.jpg
2026-02-23 21:00:04,445 - __main__ - INFO - SUCCESS: 0_0.898_1771866086_yq9.jpg -> 8.0
2026-02-23 21:00:04,446 - __main__ - INFO - Loaded image: extracted\coldwater\0_0.996_1771866507_133.jpg, shape: (118, 61, 3), channels: 3
2026-02-23 21:00:04,447 - __main__ - INFO - Match (val: 0.0, conf: 0.996). No action needed.
2026-02-23 21:00:04,447 - __main__ - INFO - SUCCESS: 0_0.996_1771866507_133.jpg -> 0.0
2026-02-23 21:00:04,447 - __main__ - INFO - Loaded image: extracted\coldwater\0_0.996_1771866507_j9f.jpg, shape: (118, 59, 3), channels: 3
2026-02-23 21:00:04,449 - __main__ - INFO - Match (val: 0.0, conf: 0.863). No action needed.
2026-02-23 21:00:04,449 - __main__ - INFO - SUCCESS: 0_0.996_1771866507_j9f.jpg -> 0.0
2026-02-23 21:00:04,449 - __main__ - INFO - Loaded image: extracted\coldwater\1_0.996_1771866507_ve6.jpg, shape: (116, 59, 3), channels: 3
2026-02-23 21:00:04,450 - __main__ - INFO - Match (val: 1.0, conf: 0.738). No action needed.
2026-02-23 21:00:04,450 - __main__ - INFO - SUCCESS: 1_0.996_1771866507_ve6.jpg -> 1.0
2026-02-23 21:00:04,451 - __main__ - INFO - Loaded image: extracted\coldwater\2_0.996_1771866086_dui.jpg, shape: (120, 55, 3), channels: 3
2026-02-23 21:00:04,452 - __main__ - INFO - Match (val: 2.0, conf: 0.496). No action needed.
2026-02-23 21:00:04,452 - __main__ - INFO - SUCCESS: 2_0.996_1771866086_dui.jpg -> 2.0
2026-02-23 21:00:04,452 - __main__ - INFO - Loaded image: extracted\coldwater\2_0.996_1771866507_2my.jpg, shape: (120, 55, 3), channels: 3
2026-02-23 21:00:04,453 - __main__ - INFO - Match (val: 2.0, conf: 0.664). No action needed.
2026-02-23 21:00:04,453 - __main__ - INFO - SUCCESS: 2_0.996_1771866507_2my.jpg -> 2.0
2026-02-23 21:00:04,453 - __main__ - INFO - Loaded image: extracted\coldwater\5_0.996_1771866507_e7d.jpg, shape: (119, 57, 3), channels: 3
2026-02-23 21:00:04,456 - __main__ - INFO - Prediction mismatch (orig: 5.0, new: 2.0), copied to training: training\coldwater\2.0_0.797_5_0.996_1771866507_e7d_err_corr.jpg
2026-02-23 21:00:04,456 - __main__ - INFO - SUCCESS: 5_0.996_1771866507_e7d.jpg -> 2.0
2026-02-23 21:00:04,456 - __main__ - INFO - Loaded image: extracted\coldwater\5_0.996_1771866507_yv4.jpg, shape: (121, 58, 3), channels: 3
2026-02-23 21:00:04,457 - __main__ - INFO - Match (val: 5.0, conf: 0.984). No action needed.
2026-02-23 21:00:04,457 - __main__ - INFO - SUCCESS: 5_0.996_1771866507_yv4.jpg -> 5.0
2026-02-23 21:00:04,457 - __main__ - INFO - Loaded image: extracted\coldwater\8_0.746_1771866026_95b.jpg, shape: (118, 53, 3), channels: 3
2026-02-23 21:00:04,459 - __main__ - INFO - Match (val: 8.0, conf: 0.781). No action needed.
2026-02-23 21:00:04,459 - __main__ - INFO - SUCCESS: 8_0.746_1771866026_95b.jpg -> 8.0
2026-02-23 21:00:04,459 - __main__ - INFO - Loaded image: extracted\coldwater\8_0.746_1771866026_dps.jpg, shape: (118, 53, 3), channels: 3
2026-02-23 21:00:04,459 - __main__ - INFO - Match (val: 8.0, conf: 0.781). No action needed.
2026-02-23 21:00:04,459 - __main__ - INFO - SUCCESS: 8_0.746_1771866026_dps.jpg -> 8.0
2026-02-23 21:00:04,461 - __main__ - INFO - Loaded image: extracted\coldwater\8_0.855_1771865966_4e6.jpg, shape: (118, 53, 3), channels: 3
2026-02-23 21:00:04,462 - __main__ - INFO - Match (val: 8.0, conf: 0.793). No action needed.
2026-02-23 21:00:04,462 - __main__ - INFO - SUCCESS: 8_0.855_1771865966_4e6.jpg -> 8.0
2026-02-23 21:00:04,462 - __main__ - INFO - Loaded image: extracted\coldwater\8_0.855_1771865966_mn5.jpg, shape: (118, 53, 3), channels: 3
2026-02-23 21:00:04,463 - __main__ - INFO - Match (val: 8.0, conf: 0.793). No action needed.
2026-02-23 21:00:04,463 - __main__ - INFO - SUCCESS: 8_0.855_1771865966_mn5.jpg -> 8.0
2026-02-23 21:00:04,463 - __main__ - INFO - Loaded image: extracted\coldwater\8_0.996_1771866507_j4h.jpg, shape: (118, 53, 3), channels: 3
2026-02-23 21:00:04,464 - __main__ - INFO - Match (val: 8.0, conf: 0.664). No action needed.
2026-02-23 21:00:04,464 - __main__ - INFO - SUCCESS: 8_0.996_1771866507_j4h.jpg -> 8.0
2026-02-23 21:00:04,465 - __main__ - INFO - Loaded image: extracted\hotwater\0_0.395_1771867105_r1x.jpg, shape: (67, 42, 3), channels: 3
2026-02-23 21:00:04,466 - __main__ - INFO - Match (val: 0.0, conf: 0.664). No action needed.
2026-02-23 21:00:04,466 - __main__ - INFO - SUCCESS: 0_0.395_1771867105_r1x.jpg -> 0.0
2026-02-23 21:00:04,467 - __main__ - INFO - Loaded image: extracted\hotwater\0_0.395_1771867105_wei.jpg, shape: (67, 42, 3), channels: 3
2026-02-23 21:00:04,468 - __main__ - INFO - Match (val: 0.0, conf: 0.664). No action needed.
2026-02-23 21:00:04,468 - __main__ - INFO - SUCCESS: 0_0.395_1771867105_wei.jpg -> 0.0
2026-02-23 21:00:04,468 - __main__ - INFO - Loaded image: extracted\hotwater\0_0.613_1771867526_3ox.jpg, shape: (67, 42, 3), channels: 3
2026-02-23 21:00:04,469 - __main__ - INFO - Match (val: 0.0, conf: 0.801). No action needed.
2026-02-23 21:00:04,469 - __main__ - INFO - SUCCESS: 0_0.613_1771867526_3ox.jpg -> 0.0
2026-02-23 21:00:04,469 - __main__ - INFO - Loaded image: extracted\hotwater\0_0.613_1771867526_kvl.jpg, shape: (67, 42, 3), channels: 3
2026-02-23 21:00:04,470 - __main__ - INFO - Match (val: 0.0, conf: 0.801). No action needed.
2026-02-23 21:00:04,470 - __main__ - INFO - SUCCESS: 0_0.613_1771867526_kvl.jpg -> 0.0
2026-02-23 21:00:04,471 - __main__ - INFO - Loaded image: extracted\hotwater\0_0.730_1771867225_dvu.jpg, shape: (67, 42, 3), channels: 3
2026-02-23 21:00:04,472 - __main__ - INFO - Match (val: 0.0, conf: 0.664). No action needed.
2026-02-23 21:00:04,472 - __main__ - INFO - SUCCESS: 0_0.730_1771867225_dvu.jpg -> 0.0
2026-02-23 21:00:04,472 - __main__ - INFO - Loaded image: extracted\hotwater\0_0.730_1771867225_xs7.jpg, shape: (67, 42, 3), channels: 3
2026-02-23 21:00:04,473 - __main__ - INFO - Match (val: 0.0, conf: 0.664). No action needed.
2026-02-23 21:00:04,473 - __main__ - INFO - SUCCESS: 0_0.730_1771867225_xs7.jpg -> 0.0
2026-02-23 21:00:04,474 - __main__ - INFO - Loaded image: extracted\hotwater\1_0.316_1771867526_l24.jpg, shape: (73, 36, 3), channels: 3
2026-02-23 21:00:04,476 - __main__ - INFO - Prediction mismatch (orig: 1.0, new: 4.0), copied to training: training\hotwater\4.0_0.418_1_0.316_1771867526_l24_err_corr.jpg
2026-02-23 21:00:04,476 - __main__ - INFO - SUCCESS: 1_0.316_1771867526_l24.jpg -> 4.0
2026-02-23 21:00:04,476 - __main__ - INFO - Loaded image: extracted\hotwater\1_0.316_1771867526_yrl.jpg, shape: (73, 36, 3), channels: 3
2026-02-23 21:00:04,479 - __main__ - INFO - Prediction mismatch (orig: 1.0, new: 4.0), copied to training: training\hotwater\4.0_0.418_1_0.316_1771867526_yrl_err_corr.jpg
2026-02-23 21:00:04,479 - __main__ - INFO - SUCCESS: 1_0.316_1771867526_yrl.jpg -> 4.0
2026-02-23 21:00:04,479 - __main__ - INFO - Loaded image: extracted\hotwater\1_0.328_1771867105_hip.jpg, shape: (76, 31, 3), channels: 3
2026-02-23 21:00:04,481 - __main__ - INFO - Prediction mismatch (orig: 1.0, new: 2.0), copied to training: training\hotwater\2.0_0.289_1_0.328_1771867105_hip_err_corr.jpg
2026-02-23 21:00:04,481 - __main__ - INFO - SUCCESS: 1_0.328_1771867105_hip.jpg -> 2.0
2026-02-23 21:00:04,481 - __main__ - INFO - Loaded image: extracted\hotwater\1_0.328_1771867105_nw4.jpg, shape: (76, 31, 3), channels: 3
2026-02-23 21:00:04,483 - __main__ - INFO - Prediction mismatch (orig: 1.0, new: 2.0), copied to training: training\hotwater\2.0_0.289_1_0.328_1771867105_nw4_err_corr.jpg
2026-02-23 21:00:04,483 - __main__ - INFO - SUCCESS: 1_0.328_1771867105_nw4.jpg -> 2.0
2026-02-23 21:00:04,484 - __main__ - INFO - Loaded image: extracted\hotwater\1_0.488_1771867225_9lx.jpg, shape: (76, 31, 3), channels: 3
2026-02-23 21:00:04,485 - __main__ - INFO - Prediction mismatch (orig: 1.0, new: 6.0), copied to training: training\hotwater\6.0_0.293_1_0.488_1771867225_9lx_err_corr.jpg
2026-02-23 21:00:04,485 - __main__ - INFO - SUCCESS: 1_0.488_1771867225_9lx.jpg -> 6.0
2026-02-23 21:00:04,486 - __main__ - INFO - Loaded image: extracted\hotwater\1_0.488_1771867225_gvx.jpg, shape: (76, 31, 3), channels: 3
2026-02-23 21:00:04,488 - __main__ - INFO - Prediction mismatch (orig: 1.0, new: 6.0), copied to training: training\hotwater\6.0_0.293_1_0.488_1771867225_gvx_err_corr.jpg
2026-02-23 21:00:04,488 - __main__ - INFO - SUCCESS: 1_0.488_1771867225_gvx.jpg -> 6.0
2026-02-23 21:00:04,488 - __main__ - INFO - Loaded image: extracted\hotwater\1_0.539_1771867406_a0n.jpg, shape: (68, 38, 3), channels: 3
2026-02-23 21:00:04,490 - __main__ - INFO - Prediction mismatch (orig: 1.0, new: 0.0), copied to training: training\hotwater\0.0_0.496_1_0.539_1771867406_a0n_err_corr.jpg
2026-02-23 21:00:04,490 - __main__ - INFO - SUCCESS: 1_0.539_1771867406_a0n.jpg -> 0.0
2026-02-23 21:00:04,490 - __main__ - INFO - Loaded image: extracted\hotwater\1_0.539_1771867406_v8x.jpg, shape: (68, 38, 3), channels: 3
2026-02-23 21:00:04,492 - __main__ - INFO - Prediction mismatch (orig: 1.0, new: 0.0), copied to training: training\hotwater\0.0_0.496_1_0.539_1771867406_v8x_err_corr.jpg
2026-02-23 21:00:04,492 - __main__ - INFO - SUCCESS: 1_0.539_1771867406_v8x.jpg -> 0.0
2026-02-23 21:00:04,493 - __main__ - INFO - Loaded image: extracted\hotwater\1_0.590_1771867526_5b3.jpg, shape: (68, 38, 3), channels: 3
2026-02-23 21:00:04,495 - __main__ - INFO - Prediction mismatch (orig: 1.0, new: 0.0), copied to training: training\hotwater\0.0_0.496_1_0.590_1771867526_5b3_err_corr.jpg
2026-02-23 21:00:04,495 - __main__ - INFO - SUCCESS: 1_0.590_1771867526_5b3.jpg -> 0.0
2026-02-23 21:00:04,495 - __main__ - INFO - Loaded image: extracted\hotwater\1_0.590_1771867526_c2a.jpg, shape: (68, 38, 3), channels: 3
2026-02-23 21:00:04,497 - __main__ - INFO - Prediction mismatch (orig: 1.0, new: 0.0), copied to training: training\hotwater\0.0_0.496_1_0.590_1771867526_c2a_err_corr.jpg
2026-02-23 21:00:04,497 - __main__ - INFO - SUCCESS: 1_0.590_1771867526_c2a.jpg -> 0.0
2026-02-23 21:00:04,498 - __main__ - INFO - Loaded image: extracted\hotwater\1_0.617_1771867406_5ji.jpg, shape: (67, 42, 3), channels: 3
2026-02-23 21:00:04,500 - __main__ - INFO - Prediction mismatch (orig: 1.0, new: 0.0), copied to training: training\hotwater\0.0_0.891_1_0.617_1771867406_5ji_err_corr.jpg
2026-02-23 21:00:04,500 - __main__ - INFO - SUCCESS: 1_0.617_1771867406_5ji.jpg -> 0.0
2026-02-23 21:00:04,500 - __main__ - INFO - Loaded image: extracted\hotwater\1_0.617_1771867406_b0d.jpg, shape: (67, 42, 3), channels: 3
2026-02-23 21:00:04,502 - __main__ - INFO - Prediction mismatch (orig: 1.0, new: 0.0), copied to training: training\hotwater\0.0_0.891_1_0.617_1771867406_b0d_err_corr.jpg
2026-02-23 21:00:04,502 - __main__ - INFO - SUCCESS: 1_0.617_1771867406_b0d.jpg -> 0.0
2026-02-23 21:00:04,502 - __main__ - INFO - Loaded image: extracted\hotwater\1_0.621_1771867105_0ib.jpg, shape: (73, 36, 3), channels: 3
2026-02-23 21:00:04,504 - __main__ - INFO - Prediction mismatch (orig: 1.0, new: 4.0), copied to training: training\hotwater\4.0_0.555_1_0.621_1771867105_0ib_err_corr.jpg
2026-02-23 21:00:04,504 - __main__ - INFO - SUCCESS: 1_0.621_1771867105_0ib.jpg -> 4.0
2026-02-23 21:00:04,505 - __main__ - INFO - Loaded image: extracted\hotwater\1_0.621_1771867105_lft.jpg, shape: (73, 36, 3), channels: 3
2026-02-23 21:00:04,507 - __main__ - INFO - Prediction mismatch (orig: 1.0, new: 4.0), copied to training: training\hotwater\4.0_0.555_1_0.621_1771867105_lft_err_corr.jpg
2026-02-23 21:00:04,507 - __main__ - INFO - SUCCESS: 1_0.621_1771867105_lft.jpg -> 4.0
2026-02-23 21:00:04,507 - __main__ - INFO - Loaded image: extracted\hotwater\1_0.676_1771867105_2m2.jpg, shape: (68, 38, 3), channels: 3
2026-02-23 21:00:04,509 - __main__ - INFO - Prediction mismatch (orig: 1.0, new: 0.0), copied to training: training\hotwater\0.0_0.496_1_0.676_1771867105_2m2_err_corr.jpg
2026-02-23 21:00:04,509 - __main__ - INFO - SUCCESS: 1_0.676_1771867105_2m2.jpg -> 0.0
2026-02-23 21:00:04,509 - __main__ - INFO - Loaded image: extracted\hotwater\1_0.676_1771867105_3lc.jpg, shape: (68, 38, 3), channels: 3
2026-02-23 21:00:04,512 - __main__ - INFO - Prediction mismatch (orig: 1.0, new: 0.0), copied to training: training\hotwater\0.0_0.496_1_0.676_1771867105_3lc_err_corr.jpg
2026-02-23 21:00:04,512 - __main__ - INFO - SUCCESS: 1_0.676_1771867105_3lc.jpg -> 0.0
2026-02-23 21:00:04,512 - __main__ - INFO - Loaded image: extracted\hotwater\1_0.711_1771867225_6br.jpg, shape: (68, 38, 3), channels: 3
2026-02-23 21:00:04,514 - __main__ - INFO - Prediction mismatch (orig: 1.0, new: 0.0), copied to training: training\hotwater\0.0_0.652_1_0.711_1771867225_6br_err_corr.jpg
2026-02-23 21:00:04,514 - __main__ - INFO - SUCCESS: 1_0.711_1771867225_6br.jpg -> 0.0
2026-02-23 21:00:04,515 - __main__ - INFO - Loaded image: extracted\hotwater\1_0.711_1771867225_d9u.jpg, shape: (68, 38, 3), channels: 3
2026-02-23 21:00:04,516 - __main__ - INFO - Prediction mismatch (orig: 1.0, new: 0.0), copied to training: training\hotwater\0.0_0.652_1_0.711_1771867225_d9u_err_corr.jpg
2026-02-23 21:00:04,517 - __main__ - INFO - SUCCESS: 1_0.711_1771867225_d9u.jpg -> 0.0
2026-02-23 21:00:04,517 - __main__ - INFO - Loaded image: extracted\hotwater\1_0.746_1771867225_uo8.jpg, shape: (73, 36, 3), channels: 3
2026-02-23 21:00:04,519 - __main__ - INFO - Prediction mismatch (orig: 1.0, new: 4.0), copied to training: training\hotwater\4.0_0.637_1_0.746_1771867225_uo8_err_corr.jpg
2026-02-23 21:00:04,519 - __main__ - INFO - SUCCESS: 1_0.746_1771867225_uo8.jpg -> 4.0
2026-02-23 21:00:04,519 - __main__ - INFO - Loaded image: extracted\hotwater\1_0.746_1771867225_zow.jpg, shape: (73, 36, 3), channels: 3
2026-02-23 21:00:04,521 - __main__ - INFO - Prediction mismatch (orig: 1.0, new: 4.0), copied to training: training\hotwater\4.0_0.637_1_0.746_1771867225_zow_err_corr.jpg
2026-02-23 21:00:04,521 - __main__ - INFO - SUCCESS: 1_0.746_1771867225_zow.jpg -> 4.0
2026-02-23 21:00:04,522 - __main__ - INFO - Loaded image: extracted\hotwater\1_0.938_1771867526_6hy.jpg, shape: (64, 39, 3), channels: 3
2026-02-23 21:00:04,522 - __main__ - INFO - Match (val: 1.0, conf: 0.484). No action needed.
2026-02-23 21:00:04,522 - __main__ - INFO - SUCCESS: 1_0.938_1771867526_6hy.jpg -> 1.0
2026-02-23 21:00:04,522 - __main__ - INFO - Loaded image: extracted\hotwater\1_0.980_1771867105_7k0.jpg, shape: (64, 39, 3), channels: 3
2026-02-23 21:00:04,524 - __main__ - INFO - Match (val: 1.0, conf: 0.480). No action needed.
2026-02-23 21:00:04,524 - __main__ - INFO - SUCCESS: 1_0.980_1771867105_7k0.jpg -> 1.0
2026-02-23 21:00:04,524 - __main__ - INFO - Loaded image: extracted\hotwater\2_0.996_1771867526_dxr.jpg, shape: (68, 38, 3), channels: 3
2026-02-23 21:00:04,526 - __main__ - INFO - Prediction mismatch (orig: 2.0, new: 0.0), copied to training: training\hotwater\0.0_0.848_2_0.996_1771867526_dxr_err_corr.jpg
2026-02-23 21:00:04,526 - __main__ - INFO - SUCCESS: 2_0.996_1771867526_dxr.jpg -> 0.0
2026-02-23 21:00:04,527 - __main__ - INFO - Loaded image: extracted\hotwater\3_0.895_1771867406_b1a.jpg, shape: (75, 33, 3), channels: 3
2026-02-23 21:00:04,528 - __main__ - INFO - Prediction mismatch (orig: 3.0, new: 9.0), copied to training: training\hotwater\9.0_0.793_3_0.895_1771867406_b1a_err_corr.jpg
2026-02-23 21:00:04,528 - __main__ - INFO - SUCCESS: 3_0.895_1771867406_b1a.jpg -> 9.0
2026-02-23 21:00:04,528 - __main__ - INFO - Loaded image: extracted\hotwater\3_0.895_1771867406_wma.jpg, shape: (75, 33, 3), channels: 3
2026-02-23 21:00:04,532 - __main__ - INFO - Prediction mismatch (orig: 3.0, new: 9.0), copied to training: training\hotwater\9.0_0.793_3_0.895_1771867406_wma_err_corr.jpg
2026-02-23 21:00:04,532 - __main__ - INFO - SUCCESS: 3_0.895_1771867406_wma.jpg -> 9.0
2026-02-23 21:00:04,532 - __main__ - INFO - Loaded image: extracted\hotwater\3_0.926_1771867526_pyv.jpg, shape: (75, 33, 3), channels: 3
2026-02-23 21:00:04,534 - __main__ - INFO - Prediction mismatch (orig: 3.0, new: 9.0), copied to training: training\hotwater\9.0_0.793_3_0.926_1771867526_pyv_err_corr.jpg
2026-02-23 21:00:04,534 - __main__ - INFO - SUCCESS: 3_0.926_1771867526_pyv.jpg -> 9.0
2026-02-23 21:00:04,534 - __main__ - INFO - Loaded image: extracted\hotwater\4_0.531_1771867406_vju.jpg, shape: (74, 36, 3), channels: 3
2026-02-23 21:00:04,535 - __main__ - INFO - Match (val: 4.0, conf: 0.355). No action needed.
2026-02-23 21:00:04,535 - __main__ - INFO - SUCCESS: 4_0.531_1771867406_vju.jpg -> 4.0
2026-02-23 21:00:04,536 - __main__ - INFO - Loaded image: extracted\hotwater\4_0.531_1771867406_xr7.jpg, shape: (74, 36, 3), channels: 3
2026-02-23 21:00:04,537 - __main__ - INFO - Match (val: 4.0, conf: 0.355). No action needed.
2026-02-23 21:00:04,537 - __main__ - INFO - SUCCESS: 4_0.531_1771867406_xr7.jpg -> 4.0
2026-02-23 21:00:04,538 - __main__ - INFO - Loaded image: extracted\hotwater\4_0.871_1771867526_2qm.jpg, shape: (74, 36, 3), channels: 3
2026-02-23 21:00:04,539 - __main__ - INFO - Match (val: 4.0, conf: 0.441). No action needed.
2026-02-23 21:00:04,539 - __main__ - INFO - SUCCESS: 4_0.871_1771867526_2qm.jpg -> 4.0
2026-02-23 21:00:04,539 - __main__ - INFO - Loaded image: extracted\hotwater\4_0.871_1771867526_p5l.jpg, shape: (74, 36, 3), channels: 3
2026-02-23 21:00:04,540 - __main__ - INFO - Match (val: 4.0, conf: 0.441). No action needed.
2026-02-23 21:00:04,540 - __main__ - INFO - SUCCESS: 4_0.871_1771867526_p5l.jpg -> 4.0
2026-02-23 21:00:04,540 - __main__ - INFO - Loaded image: extracted\hotwater\4_0.875_1771867105_0lk.jpg, shape: (74, 36, 3), channels: 3
2026-02-23 21:00:04,541 - __main__ - INFO - Match (val: 4.0, conf: 0.457). No action needed.
2026-02-23 21:00:04,541 - __main__ - INFO - SUCCESS: 4_0.875_1771867105_0lk.jpg -> 4.0
2026-02-23 21:00:04,542 - __main__ - INFO - Loaded image: extracted\hotwater\4_0.875_1771867105_kg3.jpg, shape: (74, 36, 3), channels: 3
2026-02-23 21:00:04,543 - __main__ - INFO - Match (val: 4.0, conf: 0.457). No action needed.
2026-02-23 21:00:04,543 - __main__ - INFO - SUCCESS: 4_0.875_1771867105_kg3.jpg -> 4.0
2026-02-23 21:00:04,543 - __main__ - INFO - Loaded image: extracted\hotwater\4_0.941_1771867225_a8u.jpg, shape: (74, 36, 3), channels: 3
2026-02-23 21:00:04,544 - __main__ - INFO - Match (val: 4.0, conf: 0.539). No action needed.
2026-02-23 21:00:04,544 - __main__ - INFO - SUCCESS: 4_0.941_1771867225_a8u.jpg -> 4.0
2026-02-23 21:00:04,545 - __main__ - INFO - Loaded image: extracted\hotwater\5_0.531_1771867406_2mr.jpg, shape: (73, 36, 3), channels: 3
2026-02-23 21:00:04,547 - __main__ - INFO - Prediction mismatch (orig: 5.0, new: 4.0), copied to training: training\hotwater\4.0_0.574_5_0.531_1771867406_2mr_err_corr.jpg
2026-02-23 21:00:04,547 - __main__ - INFO - SUCCESS: 5_0.531_1771867406_2mr.jpg -> 4.0
2026-02-23 21:00:04,547 - __main__ - INFO - Loaded image: extracted\hotwater\5_0.531_1771867406_avl.jpg, shape: (73, 36, 3), channels: 3
2026-02-23 21:00:04,549 - __main__ - INFO - Prediction mismatch (orig: 5.0, new: 4.0), copied to training: training\hotwater\4.0_0.574_5_0.531_1771867406_avl_err_corr.jpg
2026-02-23 21:00:04,550 - __main__ - INFO - SUCCESS: 5_0.531_1771867406_avl.jpg -> 4.0
2026-02-23 21:00:04,550 - __main__ - INFO - Loaded image: extracted\hotwater\5_0.551_1771867406_1gm.jpg, shape: (76, 31, 3), channels: 3
2026-02-23 21:00:04,552 - __main__ - INFO - Prediction mismatch (orig: 5.0, new: 6.0), copied to training: training\hotwater\6.0_0.398_5_0.551_1771867406_1gm_err_corr.jpg
2026-02-23 21:00:04,552 - __main__ - INFO - SUCCESS: 5_0.551_1771867406_1gm.jpg -> 6.0
2026-02-23 21:00:04,552 - __main__ - INFO - Loaded image: extracted\hotwater\5_0.551_1771867406_3pr.jpg, shape: (76, 31, 3), channels: 3
2026-02-23 21:00:04,554 - __main__ - INFO - Prediction mismatch (orig: 5.0, new: 6.0), copied to training: training\hotwater\6.0_0.398_5_0.551_1771867406_3pr_err_corr.jpg
2026-02-23 21:00:04,555 - __main__ - INFO - SUCCESS: 5_0.551_1771867406_3pr.jpg -> 6.0
2026-02-23 21:00:04,555 - __main__ - INFO - Loaded image: extracted\hotwater\5_0.789_1771867526_la5.jpg, shape: (76, 31, 3), channels: 3
2026-02-23 21:00:04,557 - __main__ - INFO - Prediction mismatch (orig: 5.0, new: 6.0), copied to training: training\hotwater\6.0_0.551_5_0.789_1771867526_la5_err_corr.jpg
2026-02-23 21:00:04,557 - __main__ - INFO - SUCCESS: 5_0.789_1771867526_la5.jpg -> 6.0
2026-02-23 21:00:04,557 - __main__ - INFO - Loaded image: extracted\hotwater\5_0.789_1771867526_ztw.jpg, shape: (76, 31, 3), channels: 3
2026-02-23 21:00:04,559 - __main__ - INFO - Prediction mismatch (orig: 5.0, new: 6.0), copied to training: training\hotwater\6.0_0.551_5_0.789_1771867526_ztw_err_corr.jpg
2026-02-23 21:00:04,559 - __main__ - INFO - SUCCESS: 5_0.789_1771867526_ztw.jpg -> 6.0
2026-02-23 21:00:04,559 - __main__ - INFO - Batch processing completed: 67 successful, 0 failed
2026-02-23 21:00:04,559 - __main__ - INFO - Folder processing complete: 67/67 successful
2026-02-23 21:01:13,904 - __main__ - INFO - Loading digit_recognizer_v12_100cls_RGB model from: C:\Users\nl\Dropbox\home_automation\esphome_ai_component\components\data_collector\data_extractor\models\digit_recognizer_v12_100cls_RGB.tflite
2026-02-23 21:01:13,907 - __main__ - INFO - Quantization detected:
2026-02-23 21:01:13,909 - __main__ - INFO -   Input type: uint8
2026-02-23 21:01:13,909 - __main__ - INFO -   Input scale: 0.003921568859368563, zero_point: 0
2026-02-23 21:01:13,909 - __main__ - INFO -   Output scale: 0.00390625, zero_point: 0
2026-02-23 21:01:13,909 - __main__ - INFO -   Actual scheme: Standard quantization
2026-02-23 21:01:13,909 - __main__ - INFO -   Output quantization - scale: 0.00390625, zero_point: 0
2026-02-23 21:01:13,909 - __main__ - INFO - Model actual input: 20x32, channels: 3
2026-02-23 21:01:13,909 - __main__ - ERROR - Error loading regions: malformed node or string on line 1: <ast.Attribute object at 0x000001193C034810>
Traceback (most recent call last):
  File "C:\Users\nl\Dropbox\home_automation\esphome_ai_component\components\data_collector\data_extractor\3_correct_errors.py", line 476, in load_regions
    regions = ast.literal_eval(regions_str)
              ^^^^^^^^^^^^^^^^^^^^^^^^^^^^^
  File "C:\Users\nl\AppData\Local\Programs\Python\Python312\Lib\ast.py", line 112, in literal_eval
    return _convert(node_or_string)
           ^^^^^^^^^^^^^^^^^^^^^^^^
  File "C:\Users\nl\AppData\Local\Programs\Python\Python312\Lib\ast.py", line 111, in _convert
    return _convert_signed_num(node)
           ^^^^^^^^^^^^^^^^^^^^^^^^^
  File "C:\Users\nl\AppData\Local\Programs\Python\Python312\Lib\ast.py", line 85, in _convert_signed_num
    return _convert_num(node)
           ^^^^^^^^^^^^^^^^^^
  File "C:\Users\nl\AppData\Local\Programs\Python\Python312\Lib\ast.py", line 76, in _convert_num
    _raise_malformed_node(node)
  File "C:\Users\nl\AppData\Local\Programs\Python\Python312\Lib\ast.py", line 73, in _raise_malformed_node
    raise ValueError(msg + f': {node!r}')
ValueError: malformed node or string on line 1: <ast.Attribute object at 0x000001193C034810>
2026-02-23 21:01:13,911 - __main__ - INFO - No valid regions found in regions.json, will process entire images as single regions
2026-02-23 21:01:13,911 - __main__ - INFO - Processing folder: extracted
2026-02-23 21:01:13,911 - __main__ - INFO - Starting batch processing of 67 images...
2026-02-23 21:01:13,912 - __main__ - INFO - Loaded image: extracted\coldwater\0_0.496_1771866207_47m.jpg, shape: (111, 53, 3), channels: 3
2026-02-23 21:01:13,917 - __main__ - INFO - Prediction mismatch (orig: 0.0, new: 8.0), copied to training: training\coldwater\8.0_0.965_0_0.496_1771866207_47m_err_corr.jpg
2026-02-23 21:01:13,917 - __main__ - INFO - SUCCESS: 0_0.496_1771866207_47m.jpg -> 8.0
2026-02-23 21:01:13,917 - __main__ - INFO - Loaded image: extracted\coldwater\0_0.496_1771866207_woj.jpg, shape: (111, 53, 3), channels: 3
2026-02-23 21:01:13,920 - __main__ - INFO - Prediction mismatch (orig: 0.0, new: 8.0), copied to training: training\coldwater\8.0_0.965_0_0.496_1771866207_woj_err_corr.jpg
2026-02-23 21:01:13,920 - __main__ - INFO - SUCCESS: 0_0.496_1771866207_woj.jpg -> 8.0
2026-02-23 21:01:13,920 - __main__ - INFO - Loaded image: extracted\coldwater\0_0.586_1771866026_fs8.jpg, shape: (111, 53, 3), channels: 3
2026-02-23 21:01:13,921 - __main__ - INFO - Prediction mismatch (orig: 0.0, new: 8.0), copied to training: training\coldwater\8.0_0.988_0_0.586_1771866026_fs8_err_corr.jpg
2026-02-23 21:01:13,921 - __main__ - INFO - SUCCESS: 0_0.586_1771866026_fs8.jpg -> 8.0
2026-02-23 21:01:13,921 - __main__ - INFO - Loaded image: extracted\coldwater\0_0.586_1771866026_g37.jpg, shape: (111, 53, 3), channels: 3
2026-02-23 21:01:13,925 - __main__ - INFO - Prediction mismatch (orig: 0.0, new: 8.0), copied to training: training\coldwater\8.0_0.988_0_0.586_1771866026_g37_err_corr.jpg
2026-02-23 21:01:13,925 - __main__ - INFO - SUCCESS: 0_0.586_1771866026_g37.jpg -> 8.0
2026-02-23 21:01:13,925 - __main__ - INFO - Loaded image: extracted\coldwater\0_0.672_1771866507_lcq.jpg, shape: (111, 53, 3), channels: 3
2026-02-23 21:01:13,927 - __main__ - INFO - Prediction mismatch (orig: 0.0, new: 8.0), copied to training: training\coldwater\8.0_0.996_0_0.672_1771866507_lcq_err_corr.jpg
2026-02-23 21:01:13,927 - __main__ - INFO - SUCCESS: 0_0.672_1771866507_lcq.jpg -> 8.0
2026-02-23 21:01:13,928 - __main__ - INFO - Loaded image: extracted\coldwater\0_0.672_1771866507_xnw.jpg, shape: (111, 53, 3), channels: 3
2026-02-23 21:01:13,930 - __main__ - INFO - Prediction mismatch (orig: 0.0, new: 8.0), copied to training: training\coldwater\8.0_0.996_0_0.672_1771866507_xnw_err_corr.jpg
2026-02-23 21:01:13,930 - __main__ - INFO - SUCCESS: 0_0.672_1771866507_xnw.jpg -> 8.0
2026-02-23 21:01:13,930 - __main__ - INFO - Loaded image: extracted\coldwater\0_0.746_1771865966_5ed.jpg, shape: (111, 53, 3), channels: 3
2026-02-23 21:01:13,932 - __main__ - INFO - Prediction mismatch (orig: 0.0, new: 8.0), copied to training: training\coldwater\8.0_0.992_0_0.746_1771865966_5ed_err_corr.jpg
2026-02-23 21:01:13,933 - __main__ - INFO - SUCCESS: 0_0.746_1771865966_5ed.jpg -> 8.0
2026-02-23 21:01:13,933 - __main__ - INFO - Loaded image: extracted\coldwater\0_0.746_1771865966_szt.jpg, shape: (111, 53, 3), channels: 3
2026-02-23 21:01:13,934 - __main__ - INFO - Prediction mismatch (orig: 0.0, new: 8.0), copied to training: training\coldwater\8.0_0.992_0_0.746_1771865966_szt_err_corr.jpg
2026-02-23 21:01:13,934 - __main__ - INFO - SUCCESS: 0_0.746_1771865966_szt.jpg -> 8.0
2026-02-23 21:01:13,935 - __main__ - INFO - Loaded image: extracted\coldwater\0_0.898_1771866086_mj0.jpg, shape: (111, 53, 3), channels: 3
2026-02-23 21:01:13,937 - __main__ - INFO - Prediction mismatch (orig: 0.0, new: 8.0), copied to training: training\coldwater\8.0_0.934_0_0.898_1771866086_mj0_err_corr.jpg
2026-02-23 21:01:13,937 - __main__ - INFO - SUCCESS: 0_0.898_1771866086_mj0.jpg -> 8.0
2026-02-23 21:01:13,938 - __main__ - INFO - Loaded image: extracted\coldwater\0_0.898_1771866086_yq9.jpg, shape: (111, 53, 3), channels: 3
2026-02-23 21:01:13,940 - __main__ - INFO - Prediction mismatch (orig: 0.0, new: 8.0), copied to training: training\coldwater\8.0_0.934_0_0.898_1771866086_yq9_err_corr.jpg
2026-02-23 21:01:13,940 - __main__ - INFO - SUCCESS: 0_0.898_1771866086_yq9.jpg -> 8.0
2026-02-23 21:01:13,940 - __main__ - INFO - Loaded image: extracted\coldwater\0_0.996_1771866507_133.jpg, shape: (118, 61, 3), channels: 3
2026-02-23 21:01:13,941 - __main__ - INFO - Match (val: 0.0, conf: 0.996). No action needed.
2026-02-23 21:01:13,941 - __main__ - INFO - SUCCESS: 0_0.996_1771866507_133.jpg -> 0.0
2026-02-23 21:01:13,942 - __main__ - INFO - Loaded image: extracted\coldwater\0_0.996_1771866507_j9f.jpg, shape: (118, 59, 3), channels: 3
2026-02-23 21:01:13,943 - __main__ - INFO - Match (val: 0.0, conf: 0.863). No action needed.
2026-02-23 21:01:13,943 - __main__ - INFO - SUCCESS: 0_0.996_1771866507_j9f.jpg -> 0.0
2026-02-23 21:01:13,944 - __main__ - INFO - Loaded image: extracted\coldwater\1_0.996_1771866507_ve6.jpg, shape: (116, 59, 3), channels: 3
2026-02-23 21:01:13,945 - __main__ - INFO - Match (val: 1.0, conf: 0.738). No action needed.
2026-02-23 21:01:13,945 - __main__ - INFO - SUCCESS: 1_0.996_1771866507_ve6.jpg -> 1.0
2026-02-23 21:01:13,945 - __main__ - INFO - Loaded image: extracted\coldwater\2_0.996_1771866086_dui.jpg, shape: (120, 55, 3), channels: 3
2026-02-23 21:01:13,946 - __main__ - INFO - Match (val: 2.0, conf: 0.496). No action needed.
2026-02-23 21:01:13,946 - __main__ - INFO - SUCCESS: 2_0.996_1771866086_dui.jpg -> 2.0
2026-02-23 21:01:13,946 - __main__ - INFO - Loaded image: extracted\coldwater\2_0.996_1771866507_2my.jpg, shape: (120, 55, 3), channels: 3
2026-02-23 21:01:13,947 - __main__ - INFO - Match (val: 2.0, conf: 0.664). No action needed.
2026-02-23 21:01:13,947 - __main__ - INFO - SUCCESS: 2_0.996_1771866507_2my.jpg -> 2.0
2026-02-23 21:01:13,948 - __main__ - INFO - Loaded image: extracted\coldwater\5_0.996_1771866507_e7d.jpg, shape: (119, 57, 3), channels: 3
2026-02-23 21:01:13,951 - __main__ - INFO - Prediction mismatch (orig: 5.0, new: 2.0), copied to training: training\coldwater\2.0_0.797_5_0.996_1771866507_e7d_err_corr.jpg
2026-02-23 21:01:13,951 - __main__ - INFO - SUCCESS: 5_0.996_1771866507_e7d.jpg -> 2.0
2026-02-23 21:01:13,951 - __main__ - INFO - Loaded image: extracted\coldwater\5_0.996_1771866507_yv4.jpg, shape: (121, 58, 3), channels: 3
2026-02-23 21:01:13,953 - __main__ - INFO - Match (val: 5.0, conf: 0.984). No action needed.
2026-02-23 21:01:13,953 - __main__ - INFO - SUCCESS: 5_0.996_1771866507_yv4.jpg -> 5.0
2026-02-23 21:01:13,953 - __main__ - INFO - Loaded image: extracted\coldwater\8_0.746_1771866026_95b.jpg, shape: (118, 53, 3), channels: 3
2026-02-23 21:01:13,954 - __main__ - INFO - Match (val: 8.0, conf: 0.781). No action needed.
2026-02-23 21:01:13,954 - __main__ - INFO - SUCCESS: 8_0.746_1771866026_95b.jpg -> 8.0
2026-02-23 21:01:13,954 - __main__ - INFO - Loaded image: extracted\coldwater\8_0.746_1771866026_dps.jpg, shape: (118, 53, 3), channels: 3
2026-02-23 21:01:13,956 - __main__ - INFO - Match (val: 8.0, conf: 0.781). No action needed.
2026-02-23 21:01:13,956 - __main__ - INFO - SUCCESS: 8_0.746_1771866026_dps.jpg -> 8.0
2026-02-23 21:01:13,956 - __main__ - INFO - Loaded image: extracted\coldwater\8_0.855_1771865966_4e6.jpg, shape: (118, 53, 3), channels: 3
2026-02-23 21:01:13,956 - __main__ - INFO - Match (val: 8.0, conf: 0.793). No action needed.
2026-02-23 21:01:13,956 - __main__ - INFO - SUCCESS: 8_0.855_1771865966_4e6.jpg -> 8.0
2026-02-23 21:01:13,956 - __main__ - INFO - Loaded image: extracted\coldwater\8_0.855_1771865966_mn5.jpg, shape: (118, 53, 3), channels: 3
2026-02-23 21:01:13,959 - __main__ - INFO - Match (val: 8.0, conf: 0.793). No action needed.
2026-02-23 21:01:13,959 - __main__ - INFO - SUCCESS: 8_0.855_1771865966_mn5.jpg -> 8.0
2026-02-23 21:01:13,959 - __main__ - INFO - Loaded image: extracted\coldwater\8_0.996_1771866507_j4h.jpg, shape: (118, 53, 3), channels: 3
2026-02-23 21:01:13,961 - __main__ - INFO - Match (val: 8.0, conf: 0.664). No action needed.
2026-02-23 21:01:13,961 - __main__ - INFO - SUCCESS: 8_0.996_1771866507_j4h.jpg -> 8.0
2026-02-23 21:01:13,961 - __main__ - INFO - Loaded image: extracted\hotwater\0_0.395_1771867105_r1x.jpg, shape: (67, 42, 3), channels: 3
2026-02-23 21:01:13,962 - __main__ - INFO - Match (val: 0.0, conf: 0.664). No action needed.
2026-02-23 21:01:13,962 - __main__ - INFO - SUCCESS: 0_0.395_1771867105_r1x.jpg -> 0.0
2026-02-23 21:01:13,962 - __main__ - INFO - Loaded image: extracted\hotwater\0_0.395_1771867105_wei.jpg, shape: (67, 42, 3), channels: 3
2026-02-23 21:01:13,963 - __main__ - INFO - Match (val: 0.0, conf: 0.664). No action needed.
2026-02-23 21:01:13,963 - __main__ - INFO - SUCCESS: 0_0.395_1771867105_wei.jpg -> 0.0
2026-02-23 21:01:13,963 - __main__ - INFO - Loaded image: extracted\hotwater\0_0.613_1771867526_3ox.jpg, shape: (67, 42, 3), channels: 3
2026-02-23 21:01:13,963 - __main__ - INFO - Match (val: 0.0, conf: 0.801). No action needed.
2026-02-23 21:01:13,963 - __main__ - INFO - SUCCESS: 0_0.613_1771867526_3ox.jpg -> 0.0
2026-02-23 21:01:13,966 - __main__ - INFO - Loaded image: extracted\hotwater\0_0.613_1771867526_kvl.jpg, shape: (67, 42, 3), channels: 3
2026-02-23 21:01:13,967 - __main__ - INFO - Match (val: 0.0, conf: 0.801). No action needed.
2026-02-23 21:01:13,967 - __main__ - INFO - SUCCESS: 0_0.613_1771867526_kvl.jpg -> 0.0
2026-02-23 21:01:13,967 - __main__ - INFO - Loaded image: extracted\hotwater\0_0.730_1771867225_dvu.jpg, shape: (67, 42, 3), channels: 3
2026-02-23 21:01:13,968 - __main__ - INFO - Match (val: 0.0, conf: 0.664). No action needed.
2026-02-23 21:01:13,968 - __main__ - INFO - SUCCESS: 0_0.730_1771867225_dvu.jpg -> 0.0
2026-02-23 21:01:13,969 - __main__ - INFO - Loaded image: extracted\hotwater\0_0.730_1771867225_xs7.jpg, shape: (67, 42, 3), channels: 3
2026-02-23 21:01:13,970 - __main__ - INFO - Match (val: 0.0, conf: 0.664). No action needed.
2026-02-23 21:01:13,970 - __main__ - INFO - SUCCESS: 0_0.730_1771867225_xs7.jpg -> 0.0
2026-02-23 21:01:13,970 - __main__ - INFO - Loaded image: extracted\hotwater\1_0.316_1771867526_l24.jpg, shape: (73, 36, 3), channels: 3
2026-02-23 21:01:13,972 - __main__ - INFO - Prediction mismatch (orig: 1.0, new: 4.0), copied to training: training\hotwater\4.0_0.418_1_0.316_1771867526_l24_err_corr.jpg
2026-02-23 21:01:13,973 - __main__ - INFO - SUCCESS: 1_0.316_1771867526_l24.jpg -> 4.0
2026-02-23 21:01:13,973 - __main__ - INFO - Loaded image: extracted\hotwater\1_0.316_1771867526_yrl.jpg, shape: (73, 36, 3), channels: 3
2026-02-23 21:01:13,975 - __main__ - INFO - Prediction mismatch (orig: 1.0, new: 4.0), copied to training: training\hotwater\4.0_0.418_1_0.316_1771867526_yrl_err_corr.jpg
2026-02-23 21:01:13,975 - __main__ - INFO - SUCCESS: 1_0.316_1771867526_yrl.jpg -> 4.0
2026-02-23 21:01:13,976 - __main__ - INFO - Loaded image: extracted\hotwater\1_0.328_1771867105_hip.jpg, shape: (76, 31, 3), channels: 3
2026-02-23 21:01:13,978 - __main__ - INFO - Prediction mismatch (orig: 1.0, new: 2.0), copied to training: training\hotwater\2.0_0.289_1_0.328_1771867105_hip_err_corr.jpg
2026-02-23 21:01:13,978 - __main__ - INFO - SUCCESS: 1_0.328_1771867105_hip.jpg -> 2.0
2026-02-23 21:01:13,978 - __main__ - INFO - Loaded image: extracted\hotwater\1_0.328_1771867105_nw4.jpg, shape: (76, 31, 3), channels: 3
2026-02-23 21:01:13,980 - __main__ - INFO - Prediction mismatch (orig: 1.0, new: 2.0), copied to training: training\hotwater\2.0_0.289_1_0.328_1771867105_nw4_err_corr.jpg
2026-02-23 21:01:13,980 - __main__ - INFO - SUCCESS: 1_0.328_1771867105_nw4.jpg -> 2.0
2026-02-23 21:01:13,980 - __main__ - INFO - Loaded image: extracted\hotwater\1_0.488_1771867225_9lx.jpg, shape: (76, 31, 3), channels: 3
2026-02-23 21:01:13,982 - __main__ - INFO - Prediction mismatch (orig: 1.0, new: 6.0), copied to training: training\hotwater\6.0_0.293_1_0.488_1771867225_9lx_err_corr.jpg
2026-02-23 21:01:13,983 - __main__ - INFO - SUCCESS: 1_0.488_1771867225_9lx.jpg -> 6.0
2026-02-23 21:01:13,983 - __main__ - INFO - Loaded image: extracted\hotwater\1_0.488_1771867225_gvx.jpg, shape: (76, 31, 3), channels: 3
2026-02-23 21:01:13,985 - __main__ - INFO - Prediction mismatch (orig: 1.0, new: 6.0), copied to training: training\hotwater\6.0_0.293_1_0.488_1771867225_gvx_err_corr.jpg
2026-02-23 21:01:13,985 - __main__ - INFO - SUCCESS: 1_0.488_1771867225_gvx.jpg -> 6.0
2026-02-23 21:01:13,986 - __main__ - INFO - Loaded image: extracted\hotwater\1_0.539_1771867406_a0n.jpg, shape: (68, 38, 3), channels: 3
2026-02-23 21:01:13,988 - __main__ - INFO - Prediction mismatch (orig: 1.0, new: 0.0), copied to training: training\hotwater\0.0_0.496_1_0.539_1771867406_a0n_err_corr.jpg
2026-02-23 21:01:13,988 - __main__ - INFO - SUCCESS: 1_0.539_1771867406_a0n.jpg -> 0.0
2026-02-23 21:01:13,988 - __main__ - INFO - Loaded image: extracted\hotwater\1_0.539_1771867406_v8x.jpg, shape: (68, 38, 3), channels: 3
2026-02-23 21:01:13,989 - __main__ - INFO - Prediction mismatch (orig: 1.0, new: 0.0), copied to training: training\hotwater\0.0_0.496_1_0.539_1771867406_v8x_err_corr.jpg
2026-02-23 21:01:13,990 - __main__ - INFO - SUCCESS: 1_0.539_1771867406_v8x.jpg -> 0.0
2026-02-23 21:01:13,990 - __main__ - INFO - Loaded image: extracted\hotwater\1_0.590_1771867526_5b3.jpg, shape: (68, 38, 3), channels: 3
2026-02-23 21:01:13,991 - __main__ - INFO - Prediction mismatch (orig: 1.0, new: 0.0), copied to training: training\hotwater\0.0_0.496_1_0.590_1771867526_5b3_err_corr.jpg
2026-02-23 21:01:13,991 - __main__ - INFO - SUCCESS: 1_0.590_1771867526_5b3.jpg -> 0.0
2026-02-23 21:01:13,991 - __main__ - INFO - Loaded image: extracted\hotwater\1_0.590_1771867526_c2a.jpg, shape: (68, 38, 3), channels: 3
2026-02-23 21:01:13,995 - __main__ - INFO - Prediction mismatch (orig: 1.0, new: 0.0), copied to training: training\hotwater\0.0_0.496_1_0.590_1771867526_c2a_err_corr.jpg
2026-02-23 21:01:13,995 - __main__ - INFO - SUCCESS: 1_0.590_1771867526_c2a.jpg -> 0.0
2026-02-23 21:01:13,996 - __main__ - INFO - Loaded image: extracted\hotwater\1_0.617_1771867406_5ji.jpg, shape: (67, 42, 3), channels: 3
2026-02-23 21:01:13,997 - __main__ - INFO - Prediction mismatch (orig: 1.0, new: 0.0), copied to training: training\hotwater\0.0_0.891_1_0.617_1771867406_5ji_err_corr.jpg
2026-02-23 21:01:13,997 - __main__ - INFO - SUCCESS: 1_0.617_1771867406_5ji.jpg -> 0.0
2026-02-23 21:01:13,997 - __main__ - INFO - Loaded image: extracted\hotwater\1_0.617_1771867406_b0d.jpg, shape: (67, 42, 3), channels: 3
2026-02-23 21:01:14,000 - __main__ - INFO - Prediction mismatch (orig: 1.0, new: 0.0), copied to training: training\hotwater\0.0_0.891_1_0.617_1771867406_b0d_err_corr.jpg
2026-02-23 21:01:14,000 - __main__ - INFO - SUCCESS: 1_0.617_1771867406_b0d.jpg -> 0.0
2026-02-23 21:01:14,001 - __main__ - INFO - Loaded image: extracted\hotwater\1_0.621_1771867105_0ib.jpg, shape: (73, 36, 3), channels: 3
2026-02-23 21:01:14,003 - __main__ - INFO - Prediction mismatch (orig: 1.0, new: 4.0), copied to training: training\hotwater\4.0_0.555_1_0.621_1771867105_0ib_err_corr.jpg
2026-02-23 21:01:14,003 - __main__ - INFO - SUCCESS: 1_0.621_1771867105_0ib.jpg -> 4.0
2026-02-23 21:01:14,004 - __main__ - INFO - Loaded image: extracted\hotwater\1_0.621_1771867105_lft.jpg, shape: (73, 36, 3), channels: 3
2026-02-23 21:01:14,006 - __main__ - INFO - Prediction mismatch (orig: 1.0, new: 4.0), copied to training: training\hotwater\4.0_0.555_1_0.621_1771867105_lft_err_corr.jpg
2026-02-23 21:01:14,006 - __main__ - INFO - SUCCESS: 1_0.621_1771867105_lft.jpg -> 4.0
2026-02-23 21:01:14,006 - __main__ - INFO - Loaded image: extracted\hotwater\1_0.676_1771867105_2m2.jpg, shape: (68, 38, 3), channels: 3
2026-02-23 21:01:14,006 - __main__ - INFO - Prediction mismatch (orig: 1.0, new: 0.0), copied to training: training\hotwater\0.0_0.496_1_0.676_1771867105_2m2_err_corr.jpg
2026-02-23 21:01:14,006 - __main__ - INFO - SUCCESS: 1_0.676_1771867105_2m2.jpg -> 0.0
2026-02-23 21:01:14,009 - __main__ - INFO - Loaded image: extracted\hotwater\1_0.676_1771867105_3lc.jpg, shape: (68, 38, 3), channels: 3
2026-02-23 21:01:14,009 - __main__ - INFO - Prediction mismatch (orig: 1.0, new: 0.0), copied to training: training\hotwater\0.0_0.496_1_0.676_1771867105_3lc_err_corr.jpg
2026-02-23 21:01:14,009 - __main__ - INFO - SUCCESS: 1_0.676_1771867105_3lc.jpg -> 0.0
2026-02-23 21:01:14,011 - __main__ - INFO - Loaded image: extracted\hotwater\1_0.711_1771867225_6br.jpg, shape: (68, 38, 3), channels: 3
2026-02-23 21:01:14,013 - __main__ - INFO - Prediction mismatch (orig: 1.0, new: 0.0), copied to training: training\hotwater\0.0_0.652_1_0.711_1771867225_6br_err_corr.jpg
2026-02-23 21:01:14,013 - __main__ - INFO - SUCCESS: 1_0.711_1771867225_6br.jpg -> 0.0
2026-02-23 21:01:14,013 - __main__ - INFO - Loaded image: extracted\hotwater\1_0.711_1771867225_d9u.jpg, shape: (68, 38, 3), channels: 3
2026-02-23 21:01:14,015 - __main__ - INFO - Prediction mismatch (orig: 1.0, new: 0.0), copied to training: training\hotwater\0.0_0.652_1_0.711_1771867225_d9u_err_corr.jpg
2026-02-23 21:01:14,016 - __main__ - INFO - SUCCESS: 1_0.711_1771867225_d9u.jpg -> 0.0
2026-02-23 21:01:14,016 - __main__ - INFO - Loaded image: extracted\hotwater\1_0.746_1771867225_uo8.jpg, shape: (73, 36, 3), channels: 3
2026-02-23 21:01:14,018 - __main__ - INFO - Prediction mismatch (orig: 1.0, new: 4.0), copied to training: training\hotwater\4.0_0.637_1_0.746_1771867225_uo8_err_corr.jpg
2026-02-23 21:01:14,018 - __main__ - INFO - SUCCESS: 1_0.746_1771867225_uo8.jpg -> 4.0
2026-02-23 21:01:14,019 - __main__ - INFO - Loaded image: extracted\hotwater\1_0.746_1771867225_zow.jpg, shape: (73, 36, 3), channels: 3
2026-02-23 21:01:14,020 - __main__ - INFO - Prediction mismatch (orig: 1.0, new: 4.0), copied to training: training\hotwater\4.0_0.637_1_0.746_1771867225_zow_err_corr.jpg
2026-02-23 21:01:14,020 - __main__ - INFO - SUCCESS: 1_0.746_1771867225_zow.jpg -> 4.0
2026-02-23 21:01:14,021 - __main__ - INFO - Loaded image: extracted\hotwater\1_0.938_1771867526_6hy.jpg, shape: (64, 39, 3), channels: 3
2026-02-23 21:01:14,022 - __main__ - INFO - Match (val: 1.0, conf: 0.484). No action needed.
2026-02-23 21:01:14,022 - __main__ - INFO - SUCCESS: 1_0.938_1771867526_6hy.jpg -> 1.0
2026-02-23 21:01:14,022 - __main__ - INFO - Loaded image: extracted\hotwater\1_0.980_1771867105_7k0.jpg, shape: (64, 39, 3), channels: 3
2026-02-23 21:01:14,023 - __main__ - INFO - Match (val: 1.0, conf: 0.480). No action needed.
2026-02-23 21:01:14,024 - __main__ - INFO - SUCCESS: 1_0.980_1771867105_7k0.jpg -> 1.0
2026-02-23 21:01:14,024 - __main__ - INFO - Loaded image: extracted\hotwater\2_0.996_1771867526_dxr.jpg, shape: (68, 38, 3), channels: 3
2026-02-23 21:01:14,026 - __main__ - INFO - Prediction mismatch (orig: 2.0, new: 0.0), copied to training: training\hotwater\0.0_0.848_2_0.996_1771867526_dxr_err_corr.jpg
2026-02-23 21:01:14,026 - __main__ - INFO - SUCCESS: 2_0.996_1771867526_dxr.jpg -> 0.0
2026-02-23 21:01:14,027 - __main__ - INFO - Loaded image: extracted\hotwater\3_0.895_1771867406_b1a.jpg, shape: (75, 33, 3), channels: 3
2026-02-23 21:01:14,028 - __main__ - INFO - Prediction mismatch (orig: 3.0, new: 9.0), copied to training: training\hotwater\9.0_0.793_3_0.895_1771867406_b1a_err_corr.jpg
2026-02-23 21:01:14,029 - __main__ - INFO - SUCCESS: 3_0.895_1771867406_b1a.jpg -> 9.0
2026-02-23 21:01:14,029 - __main__ - INFO - Loaded image: extracted\hotwater\3_0.895_1771867406_wma.jpg, shape: (75, 33, 3), channels: 3
2026-02-23 21:01:14,030 - __main__ - INFO - Prediction mismatch (orig: 3.0, new: 9.0), copied to training: training\hotwater\9.0_0.793_3_0.895_1771867406_wma_err_corr.jpg
2026-02-23 21:01:14,030 - __main__ - INFO - SUCCESS: 3_0.895_1771867406_wma.jpg -> 9.0
2026-02-23 21:01:14,031 - __main__ - INFO - Loaded image: extracted\hotwater\3_0.926_1771867526_pyv.jpg, shape: (75, 33, 3), channels: 3
2026-02-23 21:01:14,034 - __main__ - INFO - Prediction mismatch (orig: 3.0, new: 9.0), copied to training: training\hotwater\9.0_0.793_3_0.926_1771867526_pyv_err_corr.jpg
2026-02-23 21:01:14,034 - __main__ - INFO - SUCCESS: 3_0.926_1771867526_pyv.jpg -> 9.0
2026-02-23 21:01:14,034 - __main__ - INFO - Loaded image: extracted\hotwater\4_0.531_1771867406_vju.jpg, shape: (74, 36, 3), channels: 3
2026-02-23 21:01:14,036 - __main__ - INFO - Match (val: 4.0, conf: 0.355). No action needed.
2026-02-23 21:01:14,036 - __main__ - INFO - SUCCESS: 4_0.531_1771867406_vju.jpg -> 4.0
2026-02-23 21:01:14,036 - __main__ - INFO - Loaded image: extracted\hotwater\4_0.531_1771867406_xr7.jpg, shape: (74, 36, 3), channels: 3
2026-02-23 21:01:14,037 - __main__ - INFO - Match (val: 4.0, conf: 0.355). No action needed.
2026-02-23 21:01:14,037 - __main__ - INFO - SUCCESS: 4_0.531_1771867406_xr7.jpg -> 4.0
2026-02-23 21:01:14,038 - __main__ - INFO - Loaded image: extracted\hotwater\4_0.871_1771867526_2qm.jpg, shape: (74, 36, 3), channels: 3
2026-02-23 21:01:14,039 - __main__ - INFO - Match (val: 4.0, conf: 0.441). No action needed.
2026-02-23 21:01:14,039 - __main__ - INFO - SUCCESS: 4_0.871_1771867526_2qm.jpg -> 4.0
2026-02-23 21:01:14,039 - __main__ - INFO - Loaded image: extracted\hotwater\4_0.871_1771867526_p5l.jpg, shape: (74, 36, 3), channels: 3
2026-02-23 21:01:14,040 - __main__ - INFO - Match (val: 4.0, conf: 0.441). No action needed.
2026-02-23 21:01:14,040 - __main__ - INFO - SUCCESS: 4_0.871_1771867526_p5l.jpg -> 4.0
2026-02-23 21:01:14,041 - __main__ - INFO - Loaded image: extracted\hotwater\4_0.875_1771867105_0lk.jpg, shape: (74, 36, 3), channels: 3
2026-02-23 21:01:14,041 - __main__ - INFO - Match (val: 4.0, conf: 0.457). No action needed.
2026-02-23 21:01:14,041 - __main__ - INFO - SUCCESS: 4_0.875_1771867105_0lk.jpg -> 4.0
2026-02-23 21:01:14,041 - __main__ - INFO - Loaded image: extracted\hotwater\4_0.875_1771867105_kg3.jpg, shape: (74, 36, 3), channels: 3
2026-02-23 21:01:14,043 - __main__ - INFO - Match (val: 4.0, conf: 0.457). No action needed.
2026-02-23 21:01:14,043 - __main__ - INFO - SUCCESS: 4_0.875_1771867105_kg3.jpg -> 4.0
2026-02-23 21:01:14,044 - __main__ - INFO - Loaded image: extracted\hotwater\4_0.941_1771867225_a8u.jpg, shape: (74, 36, 3), channels: 3
2026-02-23 21:01:14,045 - __main__ - INFO - Match (val: 4.0, conf: 0.539). No action needed.
2026-02-23 21:01:14,045 - __main__ - INFO - SUCCESS: 4_0.941_1771867225_a8u.jpg -> 4.0
2026-02-23 21:01:14,045 - __main__ - INFO - Loaded image: extracted\hotwater\5_0.531_1771867406_2mr.jpg, shape: (73, 36, 3), channels: 3
2026-02-23 21:01:14,047 - __main__ - INFO - Prediction mismatch (orig: 5.0, new: 4.0), copied to training: training\hotwater\4.0_0.574_5_0.531_1771867406_2mr_err_corr.jpg
2026-02-23 21:01:14,047 - __main__ - INFO - SUCCESS: 5_0.531_1771867406_2mr.jpg -> 4.0
2026-02-23 21:01:14,047 - __main__ - INFO - Loaded image: extracted\hotwater\5_0.531_1771867406_avl.jpg, shape: (73, 36, 3), channels: 3
2026-02-23 21:01:14,050 - __main__ - INFO - Prediction mismatch (orig: 5.0, new: 4.0), copied to training: training\hotwater\4.0_0.574_5_0.531_1771867406_avl_err_corr.jpg
2026-02-23 21:01:14,050 - __main__ - INFO - SUCCESS: 5_0.531_1771867406_avl.jpg -> 4.0
2026-02-23 21:01:14,050 - __main__ - INFO - Loaded image: extracted\hotwater\5_0.551_1771867406_1gm.jpg, shape: (76, 31, 3), channels: 3
2026-02-23 21:01:14,052 - __main__ - INFO - Prediction mismatch (orig: 5.0, new: 6.0), copied to training: training\hotwater\6.0_0.398_5_0.551_1771867406_1gm_err_corr.jpg
2026-02-23 21:01:14,052 - __main__ - INFO - SUCCESS: 5_0.551_1771867406_1gm.jpg -> 6.0
2026-02-23 21:01:14,053 - __main__ - INFO - Loaded image: extracted\hotwater\5_0.551_1771867406_3pr.jpg, shape: (76, 31, 3), channels: 3
2026-02-23 21:01:14,055 - __main__ - INFO - Prediction mismatch (orig: 5.0, new: 6.0), copied to training: training\hotwater\6.0_0.398_5_0.551_1771867406_3pr_err_corr.jpg
2026-02-23 21:01:14,055 - __main__ - INFO - SUCCESS: 5_0.551_1771867406_3pr.jpg -> 6.0
2026-02-23 21:01:14,056 - __main__ - INFO - Loaded image: extracted\hotwater\5_0.789_1771867526_la5.jpg, shape: (76, 31, 3), channels: 3
2026-02-23 21:01:14,056 - __main__ - INFO - Prediction mismatch (orig: 5.0, new: 6.0), copied to training: training\hotwater\6.0_0.551_5_0.789_1771867526_la5_err_corr.jpg
2026-02-23 21:01:14,056 - __main__ - INFO - SUCCESS: 5_0.789_1771867526_la5.jpg -> 6.0
2026-02-23 21:01:14,056 - __main__ - INFO - Loaded image: extracted\hotwater\5_0.789_1771867526_ztw.jpg, shape: (76, 31, 3), channels: 3
2026-02-23 21:01:14,059 - __main__ - INFO - Prediction mismatch (orig: 5.0, new: 6.0), copied to training: training\hotwater\6.0_0.551_5_0.789_1771867526_ztw_err_corr.jpg
2026-02-23 21:01:14,059 - __main__ - INFO - SUCCESS: 5_0.789_1771867526_ztw.jpg -> 6.0
2026-02-23 21:01:14,059 - __main__ - INFO - Batch processing completed: 67 successful, 0 failed
2026-02-23 21:01:14,059 - __main__ - INFO - Folder processing complete: 67/67 successful
